<?xml version="1.0" encoding="UTF-8"?>
<!-- Generated by org.testng.reporters.JUnitReportReporter -->
<testsuite hostname="DESKTOP-TL9ALR0" failures="0" tests="4" name="api.test.UserTest" time="17.171" errors="0" timestamp="2024-01-02T22:43:14 IST" skipped="0">
  <testcase classname="api.test.UserTest" name="test_PostUser" time="10.283"/>
  <system-out/>
  <testcase classname="api.test.UserTest" name="test_GettUser" time="1.785"/>
  <system-out/>
  <testcase classname="api.test.UserTest" name="test_UpdateUser" time="3.572"/>
  <system-out/>
  <testcase classname="api.test.UserTest" name="delete_User" time="1.531"/>
  <system-out/>
</testsuite> <!-- api.test.UserTest -->
