<?xml version="1.0" encoding="UTF-8"?>
<!-- Generated by org.testng.reporters.JUnitReportReporter -->
<testsuite hostname="DESKTOP-TL9ALR0" failures="0" tests="6" name="api.test.DDTests" time="98.273" errors="0" timestamp="2024-01-02T01:23:13 IST" skipped="0">
  <testcase classname="api.test.DDTests" name="testPostUser" time="1.135"/>
  <system-out/>
  <testcase classname="api.test.DDTests" name="testPostUser" time="1.170"/>
  <system-out/>
  <testcase classname="api.test.DDTests" name="testPostUser" time="76.235"/>
  <system-out/>
  <testcase classname="api.test.DDTests" name="testDeleteUserByUserName" time="17.429"/>
  <system-out/>
  <testcase classname="api.test.DDTests" name="testDeleteUserByUserName" time="1.160"/>
  <system-out/>
  <testcase classname="api.test.DDTests" name="testDeleteUserByUserName" time="1.144"/>
  <system-out/>
</testsuite> <!-- api.test.DDTests -->
