<?xml version="1.0" encoding="UTF-8"?>
<!-- Generated by org.testng.reporters.JUnitReportReporter -->
<testsuite hostname="DESKTOP-TL9ALR0" failures="0" tests="4" name="api.test.UserTest_PropFile" time="9.918" errors="0" timestamp="2024-01-03T13:02:33 IST" skipped="0">
  <testcase classname="api.test.UserTest_PropFile" name="test_PostUser" time="3.949"/>
  <system-out/>
  <testcase classname="api.test.UserTest_PropFile" name="test_GettUser" time="1.632"/>
  <system-out/>
  <testcase classname="api.test.UserTest_PropFile" name="test_UpdateUser" time="2.912"/>
  <system-out/>
  <testcase classname="api.test.UserTest_PropFile" name="delete_User" time="1.425"/>
  <system-out/>
</testsuite> <!-- api.test.UserTest_PropFile -->
